<?xml version="1.0" encoding="UTF-8"?>
<robot generator="Robot 6.0.2 (Python 3.10.6 on linux)" generated="20230612 14:46:08.554" rpa="false" schemaversion="3">
<suite id="s1" name="Test" source="/home/lubega/Desktop/QA/besquare_2023/test.robot">
<test id="s1-t1" name="Check Traders Menu" line="118">
<kw name="Go To Homepage">
<kw name="Chrome Headless">
<kw name="Set Chrome Options">
<var>${chrome_options}</var>
<doc>Set Chrome options for headless mode</doc>
<kw name="Evaluate" library="BuiltIn">
<var>${options}</var>
<arg>sys.modules['selenium.webdriver'].ChromeOptions()</arg>
<arg>sys, selenium.webdriver</arg>
<doc>Evaluates the given expression in Python and returns the result.</doc>
<msg timestamp="20230612 14:46:08.669" level="INFO">${options} = &lt;selenium.webdriver.chrome.options.Options object at 0x7fbe273ad150&gt;</msg>
<status status="PASS" starttime="20230612 14:46:08.669" endtime="20230612 14:46:08.669"/>
</kw>
<for flavor="IN">
<var>${option}</var>
<value>@{chrome_arguments}</value>
<iter>
<var name="${option}">--disable-infobars</var>
<kw name="Call Method" library="BuiltIn">
<arg>${options}</arg>
<arg>add_argument</arg>
<arg>${option}</arg>
<doc>Calls the named method of the given object with the provided arguments.</doc>
<status status="PASS" starttime="20230612 14:46:08.670" endtime="20230612 14:46:08.670"/>
</kw>
<status status="PASS" starttime="20230612 14:46:08.670" endtime="20230612 14:46:08.670"/>
</iter>
<iter>
<var name="${option}">--headless</var>
<kw name="Call Method" library="BuiltIn">
<arg>${options}</arg>
<arg>add_argument</arg>
<arg>${option}</arg>
<doc>Calls the named method of the given object with the provided arguments.</doc>
<status status="PASS" starttime="20230612 14:46:08.670" endtime="20230612 14:46:08.670"/>
</kw>
<status status="PASS" starttime="20230612 14:46:08.670" endtime="20230612 14:46:08.670"/>
</iter>
<iter>
<var name="${option}">--disable-gpu</var>
<kw name="Call Method" library="BuiltIn">
<arg>${options}</arg>
<arg>add_argument</arg>
<arg>${option}</arg>
<doc>Calls the named method of the given object with the provided arguments.</doc>
<status status="PASS" starttime="20230612 14:46:08.670" endtime="20230612 14:46:08.670"/>
</kw>
<status status="PASS" starttime="20230612 14:46:08.670" endtime="20230612 14:46:08.670"/>
</iter>
<iter>
<var name="${option}">--window-size=1280,1024</var>
<kw name="Call Method" library="BuiltIn">
<arg>${options}</arg>
<arg>add_argument</arg>
<arg>${option}</arg>
<doc>Calls the named method of the given object with the provided arguments.</doc>
<status status="PASS" starttime="20230612 14:46:08.671" endtime="20230612 14:46:08.671"/>
</kw>
<status status="PASS" starttime="20230612 14:46:08.670" endtime="20230612 14:46:08.671"/>
</iter>
<status status="PASS" starttime="20230612 14:46:08.669" endtime="20230612 14:46:08.671"/>
</for>
<msg timestamp="20230612 14:46:08.671" level="INFO">${chrome_options} = &lt;selenium.webdriver.chrome.options.Options object at 0x7fbe273ad150&gt;</msg>
<status status="PASS" starttime="20230612 14:46:08.669" endtime="20230612 14:46:08.671"/>
</kw>
<kw name="Create Webdriver" library="SeleniumLibrary">
<arg>Chrome</arg>
<arg>chrome_options=${chrome_options}</arg>
<doc>Creates an instance of Selenium WebDriver.</doc>
<msg timestamp="20230612 14:46:08.671" level="INFO">Creating an instance of the Chrome WebDriver.</msg>
<status status="PASS" starttime="20230612 14:46:08.671" endtime="20230612 14:46:09.289"/>
</kw>
<status status="PASS" starttime="20230612 14:46:08.669" endtime="20230612 14:46:09.289"/>
</kw>
<kw name="Go To" library="SeleniumLibrary">
<arg>${HOME URL}</arg>
<doc>Navigates the current browser window to the provided ``url``.</doc>
<msg timestamp="20230612 14:46:09.289" level="INFO">Opening url 'https://deriv.com'</msg>
<status status="PASS" starttime="20230612 14:46:09.289" endtime="20230612 14:46:10.706"/>
</kw>
<kw name="Set Window Size" library="SeleniumLibrary">
<arg>1300</arg>
<arg>800</arg>
<doc>Sets current windows size to given ``width`` and ``height``.</doc>
<status status="PASS" starttime="20230612 14:46:10.706" endtime="20230612 14:46:10.809"/>
</kw>
<kw name="Wait Until Page Contains Element" library="SeleniumLibrary">
<arg>dm-nav-login-button</arg>
<doc>Waits until the element ``locator`` appears on the current page.</doc>
<status status="PASS" starttime="20230612 14:46:10.809" endtime="20230612 14:46:10.822"/>
</kw>
<status status="PASS" starttime="20230612 14:46:08.669" endtime="20230612 14:46:10.822"/>
</kw>
<kw name="Open Trade Menu">
<kw name="Click Element" library="SeleniumLibrary">
<arg>//p[text()="Trade"]</arg>
<doc>Click the element identified by ``locator``.</doc>
<msg timestamp="20230612 14:46:10.823" level="INFO">Clicking element '//p[text()="Trade"]'.</msg>
<status status="PASS" starttime="20230612 14:46:10.822" endtime="20230612 14:46:10.892"/>
</kw>
<kw name="Wait Until Page Contains" library="SeleniumLibrary">
<arg>Trade types</arg>
<doc>Waits until ``text`` appears on the current page.</doc>
<status status="PASS" starttime="20230612 14:46:10.892" endtime="20230612 14:46:10.905"/>
</kw>
<kw name="Mouse Over" library="SeleniumLibrary">
<arg>//p[text()="Trade"]</arg>
<doc>Simulates hovering the mouse over the element ``locator``.</doc>
<msg timestamp="20230612 14:46:10.905" level="INFO">Simulating Mouse Over on element '//p[text()="Trade"]'.</msg>
<status status="PASS" starttime="20230612 14:46:10.905" endtime="20230612 14:46:11.198"/>
</kw>
<status status="PASS" starttime="20230612 14:46:10.822" endtime="20230612 14:46:11.198"/>
</kw>
<kw name="Check Trade Types">
<kw name="Page Should Contain Element" library="SeleniumLibrary">
<arg>${CFDs}</arg>
<doc>Verifies that element ``locator`` is found on the current page.</doc>
<msg timestamp="20230612 14:46:11.218" level="INFO">Current page contains element '//h2[text()= "CFDs"]'.</msg>
<status status="PASS" starttime="20230612 14:46:11.199" endtime="20230612 14:46:11.219"/>
</kw>
<kw name="Page Should Contain" library="SeleniumLibrary">
<arg>Trade with leverage and tight spreads for better returns on successful trades.</arg>
<doc>Verifies that current page contains ``text``.</doc>
<msg timestamp="20230612 14:46:11.234" level="INFO">Current page contains text 'Trade with leverage and tight spreads for better returns on successful trades.'.</msg>
<status status="PASS" starttime="20230612 14:46:11.219" endtime="20230612 14:46:11.234"/>
</kw>
<kw name="Page Should Contain Element" library="SeleniumLibrary">
<arg>${options}</arg>
<doc>Verifies that element ``locator`` is found on the current page.</doc>
<msg timestamp="20230612 14:46:11.243" level="INFO">Current page contains element '//h2[text()="Options"]'.</msg>
<status status="PASS" starttime="20230612 14:46:11.234" endtime="20230612 14:46:11.243"/>
</kw>
<kw name="Page Should Contain" library="SeleniumLibrary">
<arg>Earn a range of payouts without risking more than your initial stake.</arg>
<doc>Verifies that current page contains ``text``.</doc>
<msg timestamp="20230612 14:46:11.254" level="INFO">Current page contains text 'Earn a range of payouts without risking more than your initial stake.'.</msg>
<status status="PASS" starttime="20230612 14:46:11.243" endtime="20230612 14:46:11.254"/>
</kw>
<kw name="Page Should Contain Element" library="SeleniumLibrary">
<arg>${multiplier}</arg>
<doc>Verifies that element ``locator`` is found on the current page.</doc>
<msg timestamp="20230612 14:46:11.263" level="INFO">Current page contains element '//h2[text()="Multipliers"]'.</msg>
<status status="PASS" starttime="20230612 14:46:11.254" endtime="20230612 14:46:11.263"/>
</kw>
<kw name="Page Should Contain" library="SeleniumLibrary">
<arg>Get the upside of CFDs without the downside of losing more than your stake.</arg>
<doc>Verifies that current page contains ``text``.</doc>
<msg timestamp="20230612 14:46:11.274" level="INFO">Current page contains text 'Get the upside of CFDs without the downside of losing more than your stake.'.</msg>
<status status="PASS" starttime="20230612 14:46:11.263" endtime="20230612 14:46:11.274"/>
</kw>
<status status="PASS" starttime="20230612 14:46:11.199" endtime="20230612 14:46:11.274"/>
</kw>
<kw name="Check Trading Platforms">
<kw name="Page Should Contain Element" library="SeleniumLibrary">
<arg>${deriv_mt5}</arg>
<doc>Verifies that element ``locator`` is found on the current page.</doc>
<msg timestamp="20230612 14:46:11.285" level="INFO">Current page contains element '//h2[text() = "deriv MT5"]'.</msg>
<status status="PASS" starttime="20230612 14:46:11.275" endtime="20230612 14:46:11.285"/>
</kw>
<kw name="Page Should Contain" library="SeleniumLibrary">
<arg>Trade on Deriv MT5, the all-in-one CFD trading platform.</arg>
<doc>Verifies that current page contains ``text``.</doc>
<msg timestamp="20230612 14:46:11.300" level="INFO">Current page contains text 'Trade on Deriv MT5, the all-in-one CFD trading platform.'.</msg>
<status status="PASS" starttime="20230612 14:46:11.285" endtime="20230612 14:46:11.300"/>
</kw>
<kw name="Page Should Contain Element" library="SeleniumLibrary">
<arg>${derivx}</arg>
<doc>Verifies that element ``locator`` is found on the current page.</doc>
<msg timestamp="20230612 14:46:11.309" level="INFO">Current page contains element '//h2[text() = "deriv X"]'.</msg>
<status status="PASS" starttime="20230612 14:46:11.300" endtime="20230612 14:46:11.309"/>
</kw>
<kw name="Page Should Contain" library="SeleniumLibrary">
<arg>A highly customisable and easy-to-use CFD trading platform.</arg>
<doc>Verifies that current page contains ``text``.</doc>
<msg timestamp="20230612 14:46:11.321" level="INFO">Current page contains text 'A highly customisable and easy-to-use CFD trading platform.'.</msg>
<status status="PASS" starttime="20230612 14:46:11.309" endtime="20230612 14:46:11.321"/>
</kw>
<kw name="Page Should Contain Element" library="SeleniumLibrary">
<arg>${deriv_ez}</arg>
<doc>Verifies that element ``locator`` is found on the current page.</doc>
<msg timestamp="20230612 14:46:11.328" level="INFO">Current page contains element '//h2[text() = "deriv EZ"]'.</msg>
<status status="PASS" starttime="20230612 14:46:11.321" endtime="20230612 14:46:11.328"/>
</kw>
<kw name="Page Should Contain" library="SeleniumLibrary">
<arg>Trade on global markets from anywhere with our mobile-first CFD trading platform.</arg>
<doc>Verifies that current page contains ``text``.</doc>
<msg timestamp="20230612 14:46:11.338" level="INFO">Current page contains text 'Trade on global markets from anywhere with our mobile-first CFD trading platform.'.</msg>
<status status="PASS" starttime="20230612 14:46:11.328" endtime="20230612 14:46:11.338"/>
</kw>
<kw name="Page Should Contain Element" library="SeleniumLibrary">
<arg>${smart_trader}</arg>
<doc>Verifies that element ``locator`` is found on the current page.</doc>
<msg timestamp="20230612 14:46:11.346" level="INFO">Current page contains element '//h2[text() = "SmartTrader"]'.</msg>
<status status="PASS" starttime="20230612 14:46:11.338" endtime="20230612 14:46:11.346"/>
</kw>
<kw name="Page Should Contain" library="SeleniumLibrary">
<arg>Trade the world’s markets with our popular user-friendly platform.</arg>
<doc>Verifies that current page contains ``text``.</doc>
<msg timestamp="20230612 14:46:11.357" level="INFO">Current page contains text 'Trade the world’s markets with our popular user-friendly platform.'.</msg>
<status status="PASS" starttime="20230612 14:46:11.346" endtime="20230612 14:46:11.357"/>
</kw>
<kw name="Page Should Contain Element" library="SeleniumLibrary">
<arg>${deriv_trader}</arg>
<doc>Verifies that element ``locator`` is found on the current page.</doc>
<msg timestamp="20230612 14:46:11.365" level="INFO">Current page contains element '//h2[text() = "deriv Trader"]'.</msg>
<status status="PASS" starttime="20230612 14:46:11.358" endtime="20230612 14:46:11.365"/>
</kw>
<kw name="Page Should Contain" library="SeleniumLibrary">
<arg>A whole new trading experience on a powerful yet easy to use platform.</arg>
<doc>Verifies that current page contains ``text``.</doc>
<msg timestamp="20230612 14:46:11.375" level="INFO">Current page contains text 'A whole new trading experience on a powerful yet easy to use platform.'.</msg>
<status status="PASS" starttime="20230612 14:46:11.365" endtime="20230612 14:46:11.375"/>
</kw>
<kw name="Page Should Contain Element" library="SeleniumLibrary">
<arg>${deriv_go}</arg>
<doc>Verifies that element ``locator`` is found on the current page.</doc>
<msg timestamp="20230612 14:46:11.383" level="INFO">Current page contains element '//h2[text() = "deriv GO"]'.</msg>
<status status="PASS" starttime="20230612 14:46:11.375" endtime="20230612 14:46:11.383"/>
</kw>
<kw name="Page Should Contain" library="SeleniumLibrary">
<arg>Trade multipliers on forex, cryptocurrencies, and synthetic indices with our mobile app.</arg>
<doc>Verifies that current page contains ``text``.</doc>
<msg timestamp="20230612 14:46:11.393" level="INFO">Current page contains text 'Trade multipliers on forex, cryptocurrencies, and synthetic indices with our mobile app.'.</msg>
<status status="PASS" starttime="20230612 14:46:11.383" endtime="20230612 14:46:11.393"/>
</kw>
<kw name="Page Should Contain Element" library="SeleniumLibrary">
<arg>${deriv_bot}</arg>
<doc>Verifies that element ``locator`` is found on the current page.</doc>
<msg timestamp="20230612 14:46:11.401" level="INFO">Current page contains element '//h2[text() = "deriv Bot"]'.</msg>
<status status="PASS" starttime="20230612 14:46:11.393" endtime="20230612 14:46:11.401"/>
</kw>
<kw name="Page Should Contain" library="SeleniumLibrary">
<arg>Automated trading at your fingertips. No coding needed.</arg>
<doc>Verifies that current page contains ``text``.</doc>
<msg timestamp="20230612 14:46:11.411" level="INFO">Current page contains text 'Automated trading at your fingertips. No coding needed.'.</msg>
<status status="PASS" starttime="20230612 14:46:11.402" endtime="20230612 14:46:11.412"/>
</kw>
<kw name="Page Should Contain Element" library="SeleniumLibrary">
<arg>${binary_bot}</arg>
<doc>Verifies that element ``locator`` is found on the current page.</doc>
<msg timestamp="20230612 14:46:11.419" level="INFO">Current page contains element '//h2[text() = "Binary Bot"]'.</msg>
<status status="PASS" starttime="20230612 14:46:11.412" endtime="20230612 14:46:11.419"/>
</kw>
<kw name="Page Should Contain" library="SeleniumLibrary">
<arg>Our classic "drag-and-drop" tool for creating trading bots, featuring pop-up trading charts, for advanced users.</arg>
<doc>Verifies that current page contains ``text``.</doc>
<msg timestamp="20230612 14:46:11.431" level="INFO">Current page contains text 'Our classic "drag-and-drop" tool for creating trading bots, featuring pop-up trading charts, for advanced users.'.</msg>
<status status="PASS" starttime="20230612 14:46:11.419" endtime="20230612 14:46:11.431"/>
</kw>
<status status="PASS" starttime="20230612 14:46:11.274" endtime="20230612 14:46:11.431"/>
</kw>
<status status="PASS" starttime="20230612 14:46:08.668" endtime="20230612 14:46:11.431"/>
</test>
<test id="s1-t2" name="Check Deriv Life" line="125">
<kw name="Open About US Menu">
<kw name="Click Element" library="SeleniumLibrary">
<arg>//button[@id="radix-5-trigger-_t_About us_t_"]</arg>
<doc>Click the element identified by ``locator``.</doc>
<msg timestamp="20230612 14:46:11.432" level="INFO">Clicking element '//button[@id="radix-5-trigger-_t_About us_t_"]'.</msg>
<status status="PASS" starttime="20230612 14:46:11.432" endtime="20230612 14:46:11.488"/>
</kw>
<kw name="Wait Until Page Contains Element" library="SeleniumLibrary">
<arg>//a[@href="/who-we-are/"]</arg>
<arg>30</arg>
<doc>Waits until the element ``locator`` appears on the current page.</doc>
<status status="PASS" starttime="20230612 14:46:11.488" endtime="20230612 14:46:11.497"/>
</kw>
<status status="PASS" starttime="20230612 14:46:11.432" endtime="20230612 14:46:11.497"/>
</kw>
<kw name="Click Element" library="SeleniumLibrary">
<arg>${deriv_life}</arg>
<doc>Click the element identified by ``locator``.</doc>
<msg timestamp="20230612 14:46:11.498" level="INFO">Clicking element '//*[text()="deriv life"]//parent::a'.</msg>
<status status="PASS" starttime="20230612 14:46:11.497" endtime="20230612 14:46:13.044"/>
</kw>
<kw name="Page Should Contain" library="SeleniumLibrary">
<arg>Making an impact that matters</arg>
<doc>Verifies that current page contains ``text``.</doc>
<msg timestamp="20230612 14:46:13.061" level="INFO">Current page contains text 'Making an impact that matters'.</msg>
<status status="PASS" starttime="20230612 14:46:13.044" endtime="20230612 14:46:13.061"/>
</kw>
<status status="PASS" starttime="20230612 14:46:11.431" endtime="20230612 14:46:13.061"/>
</test>
<test id="s1-t3" name="Check Social Networks" line="130">
<kw name="Go Back" library="SeleniumLibrary">
<doc>Simulates the user clicking the back button on their browser.</doc>
<status status="PASS" starttime="20230612 14:46:13.062" endtime="20230612 14:46:13.371"/>
</kw>
<kw name="Scroll Element Into View" library="SeleniumLibrary">
<arg>//footer</arg>
<doc>Scrolls the element identified by ``locator`` into view.</doc>
<status status="PASS" starttime="20230612 14:46:13.372" endtime="20230612 14:46:13.699"/>
</kw>
<kw name="Page Should Contain Element" library="SeleniumLibrary">
<arg>${youtube}</arg>
<doc>Verifies that element ``locator`` is found on the current page.</doc>
<msg timestamp="20230612 14:46:13.728" level="INFO">Current page contains element '//a[@href="https://www.youtube.com/@deriv"]'.</msg>
<status status="PASS" starttime="20230612 14:46:13.699" endtime="20230612 14:46:13.729"/>
</kw>
<kw name="Page Should Contain Element" library="SeleniumLibrary">
<arg>${telegram}</arg>
<doc>Verifies that element ``locator`` is found on the current page.</doc>
<msg timestamp="20230612 14:46:13.738" level="INFO">Current page contains element '//a[@href="https://t.me/derivdotcomofficial"]'.</msg>
<status status="PASS" starttime="20230612 14:46:13.729" endtime="20230612 14:46:13.738"/>
</kw>
<kw name="Page Should Contain Element" library="SeleniumLibrary">
<arg>${facebook}</arg>
<doc>Verifies that element ``locator`` is found on the current page.</doc>
<msg timestamp="20230612 14:46:13.752" level="INFO">Current page contains element '//a[@href="https://www.facebook.com/derivdotcom"]'.</msg>
<status status="PASS" starttime="20230612 14:46:13.738" endtime="20230612 14:46:13.752"/>
</kw>
<kw name="Page Should Contain Element" library="SeleniumLibrary">
<arg>${twitter}</arg>
<doc>Verifies that element ``locator`` is found on the current page.</doc>
<msg timestamp="20230612 14:46:13.764" level="INFO">Current page contains element '//a[@href="https://twitter.com/derivdotcom/"]'.</msg>
<status status="PASS" starttime="20230612 14:46:13.753" endtime="20230612 14:46:13.764"/>
</kw>
<kw name="Page Should Contain Element" library="SeleniumLibrary">
<arg>${instagram}</arg>
<doc>Verifies that element ``locator`` is found on the current page.</doc>
<msg timestamp="20230612 14:46:13.773" level="INFO">Current page contains element '//a[@href="https://www.instagram.com/deriv_official/"]'.</msg>
<status status="PASS" starttime="20230612 14:46:13.764" endtime="20230612 14:46:13.773"/>
</kw>
<kw name="Page Should Contain Element" library="SeleniumLibrary">
<arg>${linkedin}</arg>
<doc>Verifies that element ``locator`` is found on the current page.</doc>
<msg timestamp="20230612 14:46:13.785" level="INFO">Current page contains element '//a[@href="https://www.linkedin.com/company/derivdotcom/"]'.</msg>
<status status="PASS" starttime="20230612 14:46:13.773" endtime="20230612 14:46:13.786"/>
</kw>
<status status="PASS" starttime="20230612 14:46:13.061" endtime="20230612 14:46:13.786"/>
</test>
<test id="s1-t4" name="Swap Calculator" line="141">
<kw name="Go To Swap Calculator">
<kw name="Chrome Headless">
<kw name="Set Chrome Options">
<var>${chrome_options}</var>
<doc>Set Chrome options for headless mode</doc>
<kw name="Evaluate" library="BuiltIn">
<var>${options}</var>
<arg>sys.modules['selenium.webdriver'].ChromeOptions()</arg>
<arg>sys, selenium.webdriver</arg>
<doc>Evaluates the given expression in Python and returns the result.</doc>
<msg timestamp="20230612 14:46:13.787" level="INFO">${options} = &lt;selenium.webdriver.chrome.options.Options object at 0x7fbe273af2e0&gt;</msg>
<status status="PASS" starttime="20230612 14:46:13.787" endtime="20230612 14:46:13.787"/>
</kw>
<for flavor="IN">
<var>${option}</var>
<value>@{chrome_arguments}</value>
<iter>
<var name="${option}">--disable-infobars</var>
<kw name="Call Method" library="BuiltIn">
<arg>${options}</arg>
<arg>add_argument</arg>
<arg>${option}</arg>
<doc>Calls the named method of the given object with the provided arguments.</doc>
<status status="PASS" starttime="20230612 14:46:13.788" endtime="20230612 14:46:13.788"/>
</kw>
<status status="PASS" starttime="20230612 14:46:13.788" endtime="20230612 14:46:13.788"/>
</iter>
<iter>
<var name="${option}">--headless</var>
<kw name="Call Method" library="BuiltIn">
<arg>${options}</arg>
<arg>add_argument</arg>
<arg>${option}</arg>
<doc>Calls the named method of the given object with the provided arguments.</doc>
<status status="PASS" starttime="20230612 14:46:13.788" endtime="20230612 14:46:13.788"/>
</kw>
<status status="PASS" starttime="20230612 14:46:13.788" endtime="20230612 14:46:13.788"/>
</iter>
<iter>
<var name="${option}">--disable-gpu</var>
<kw name="Call Method" library="BuiltIn">
<arg>${options}</arg>
<arg>add_argument</arg>
<arg>${option}</arg>
<doc>Calls the named method of the given object with the provided arguments.</doc>
<status status="PASS" starttime="20230612 14:46:13.788" endtime="20230612 14:46:13.788"/>
</kw>
<status status="PASS" starttime="20230612 14:46:13.788" endtime="20230612 14:46:13.788"/>
</iter>
<iter>
<var name="${option}">--window-size=1280,1024</var>
<kw name="Call Method" library="BuiltIn">
<arg>${options}</arg>
<arg>add_argument</arg>
<arg>${option}</arg>
<doc>Calls the named method of the given object with the provided arguments.</doc>
<status status="PASS" starttime="20230612 14:46:13.789" endtime="20230612 14:46:13.789"/>
</kw>
<status status="PASS" starttime="20230612 14:46:13.789" endtime="20230612 14:46:13.789"/>
</iter>
<status status="PASS" starttime="20230612 14:46:13.788" endtime="20230612 14:46:13.789"/>
</for>
<msg timestamp="20230612 14:46:13.789" level="INFO">${chrome_options} = &lt;selenium.webdriver.chrome.options.Options object at 0x7fbe273af2e0&gt;</msg>
<status status="PASS" starttime="20230612 14:46:13.787" endtime="20230612 14:46:13.789"/>
</kw>
<kw name="Create Webdriver" library="SeleniumLibrary">
<arg>Chrome</arg>
<arg>chrome_options=${chrome_options}</arg>
<doc>Creates an instance of Selenium WebDriver.</doc>
<msg timestamp="20230612 14:46:13.789" level="INFO">Creating an instance of the Chrome WebDriver.</msg>
<status status="PASS" starttime="20230612 14:46:13.789" endtime="20230612 14:46:14.406"/>
</kw>
<status status="PASS" starttime="20230612 14:46:13.787" endtime="20230612 14:46:14.406"/>
</kw>
<kw name="Go To" library="SeleniumLibrary">
<arg>${swap_calculator}</arg>
<doc>Navigates the current browser window to the provided ``url``.</doc>
<msg timestamp="20230612 14:46:14.407" level="INFO">Opening url 'https://deriv.com/trader-tools/swap-calculator/'</msg>
<status status="PASS" starttime="20230612 14:46:14.406" endtime="20230612 14:46:15.766"/>
</kw>
<kw name="Set Window Size" library="SeleniumLibrary">
<arg>1300</arg>
<arg>800</arg>
<doc>Sets current windows size to given ``width`` and ``height``.</doc>
<status status="PASS" starttime="20230612 14:46:15.767" endtime="20230612 14:46:15.870"/>
</kw>
<kw name="Wait Until Page Contains Element" library="SeleniumLibrary">
<arg>//h1[text()="Swap Calculator"]</arg>
<doc>Waits until the element ``locator`` appears on the current page.</doc>
<status status="PASS" starttime="20230612 14:46:15.871" endtime="20230612 14:46:15.891"/>
</kw>
<status status="PASS" starttime="20230612 14:46:13.786" endtime="20230612 14:46:15.891"/>
</kw>
<kw name="Scroll Element Into View" library="SeleniumLibrary">
<arg>${calculator_table}</arg>
<doc>Scrolls the element identified by ``locator`` into view.</doc>
<status status="PASS" starttime="20230612 14:46:15.892" endtime="20230612 14:46:16.182"/>
</kw>
<kw name="Switch To Financial">
<kw name="Click Element" library="SeleniumLibrary">
<arg>//p[contains(@class,"typography__Text") and text()="Financial"]</arg>
<doc>Click the element identified by ``locator``.</doc>
<msg timestamp="20230612 14:46:16.184" level="INFO">Clicking element '//p[contains(@class,"typography__Text") and text()="Financial"]'.</msg>
<status status="PASS" starttime="20230612 14:46:16.183" endtime="20230612 14:46:16.296"/>
</kw>
<status status="PASS" starttime="20230612 14:46:16.182" endtime="20230612 14:46:16.296"/>
</kw>
<kw name="Select Symbol">
<kw name="Click Element" library="SeleniumLibrary">
<arg>${symbol}</arg>
<doc>Click the element identified by ``locator``.</doc>
<msg timestamp="20230612 14:46:16.297" level="INFO">Clicking element '//ul[@id="symbol"]'.</msg>
<status status="PASS" starttime="20230612 14:46:16.297" endtime="20230612 14:46:16.354"/>
</kw>
<kw name="Click Element" library="SeleniumLibrary">
<arg>id:AUDUSD</arg>
<doc>Click the element identified by ``locator``.</doc>
<msg timestamp="20230612 14:46:16.355" level="INFO">Clicking element 'id:AUDUSD'.</msg>
<status status="PASS" starttime="20230612 14:46:16.354" endtime="20230612 14:46:16.451"/>
</kw>
<status status="PASS" starttime="20230612 14:46:16.296" endtime="20230612 14:46:16.451"/>
</kw>
<kw name="Fill Form">
<arg>id:volume</arg>
<arg>100</arg>
<kw name="Click Element" library="SeleniumLibrary">
<arg>${field}</arg>
<doc>Click the element identified by ``locator``.</doc>
<msg timestamp="20230612 14:46:16.451" level="INFO">Clicking element 'id:volume'.</msg>
<status status="PASS" starttime="20230612 14:46:16.451" endtime="20230612 14:46:16.502"/>
</kw>
<kw name="Input Text" library="SeleniumLibrary">
<arg>${field}</arg>
<arg>${value}</arg>
<doc>Types the given ``text`` into the text field identified by ``locator``.</doc>
<msg timestamp="20230612 14:46:16.502" level="INFO">Typing text '100' into text field 'id:volume'.</msg>
<status status="PASS" starttime="20230612 14:46:16.502" endtime="20230612 14:46:16.597"/>
</kw>
<status status="PASS" starttime="20230612 14:46:16.451" endtime="20230612 14:46:16.597"/>
</kw>
<kw name="Fill Form">
<arg>id:pointValue</arg>
<arg>10</arg>
<kw name="Click Element" library="SeleniumLibrary">
<arg>${field}</arg>
<doc>Click the element identified by ``locator``.</doc>
<msg timestamp="20230612 14:46:16.600" level="INFO">Clicking element 'id:pointValue'.</msg>
<status status="PASS" starttime="20230612 14:46:16.599" endtime="20230612 14:46:16.657"/>
</kw>
<kw name="Input Text" library="SeleniumLibrary">
<arg>${field}</arg>
<arg>${value}</arg>
<doc>Types the given ``text`` into the text field identified by ``locator``.</doc>
<msg timestamp="20230612 14:46:16.658" level="INFO">Typing text '10' into text field 'id:pointValue'.</msg>
<status status="PASS" starttime="20230612 14:46:16.657" endtime="20230612 14:46:16.710"/>
</kw>
<status status="PASS" starttime="20230612 14:46:16.598" endtime="20230612 14:46:16.710"/>
</kw>
<kw name="Fill Form">
<arg>id:swapRate</arg>
<arg>0.5</arg>
<kw name="Click Element" library="SeleniumLibrary">
<arg>${field}</arg>
<doc>Click the element identified by ``locator``.</doc>
<msg timestamp="20230612 14:46:16.711" level="INFO">Clicking element 'id:swapRate'.</msg>
<status status="PASS" starttime="20230612 14:46:16.711" endtime="20230612 14:46:16.752"/>
</kw>
<kw name="Input Text" library="SeleniumLibrary">
<arg>${field}</arg>
<arg>${value}</arg>
<doc>Types the given ``text`` into the text field identified by ``locator``.</doc>
<msg timestamp="20230612 14:46:16.753" level="INFO">Typing text '0.5' into text field 'id:swapRate'.</msg>
<status status="PASS" starttime="20230612 14:46:16.752" endtime="20230612 14:46:16.811"/>
</kw>
<status status="PASS" starttime="20230612 14:46:16.711" endtime="20230612 14:46:16.811"/>
</kw>
<kw name="Click Button" library="SeleniumLibrary">
<arg>css:[type="submit"]</arg>
<doc>Clicks the button identified by ``locator``.</doc>
<msg timestamp="20230612 14:46:16.812" level="INFO">Clicking button 'css:[type="submit"]'.</msg>
<status status="PASS" starttime="20230612 14:46:16.812" endtime="20230612 14:46:16.898"/>
</kw>
<kw name="Check Swap Charge">
<kw name="Evaluate" library="BuiltIn">
<var>${expected_swap}</var>
<arg>"{:,.0f}".format(100*100000*10*0.5)</arg>
<doc>Evaluates the given expression in Python and returns the result.</doc>
<msg timestamp="20230612 14:46:16.898" level="INFO">${expected_swap} = 50,000,000</msg>
<status status="PASS" starttime="20230612 14:46:16.898" endtime="20230612 14:46:16.898"/>
</kw>
<kw name="Element Text Should Be" library="SeleniumLibrary">
<arg>//*[text()="USD"]//preceding-sibling::div</arg>
<arg>${expected_swap}</arg>
<doc>Verifies that element ``locator`` contains exact the text ``expected``.</doc>
<msg timestamp="20230612 14:46:16.899" level="INFO">Verifying element '//*[text()="USD"]//preceding-sibling::div' contains exact text '50,000,000'.</msg>
<status status="PASS" starttime="20230612 14:46:16.898" endtime="20230612 14:46:16.920"/>
</kw>
<status status="PASS" starttime="20230612 14:46:16.898" endtime="20230612 14:46:16.921"/>
</kw>
<status status="PASS" starttime="20230612 14:46:13.786" endtime="20230612 14:46:16.921"/>
</test>
<status status="PASS" starttime="20230612 14:46:08.555" endtime="20230612 14:46:16.921"/>
</suite>
<statistics>
<total>
<stat pass="4" fail="0" skip="0">All Tests</stat>
</total>
<tag>
</tag>
<suite>
<stat pass="4" fail="0" skip="0" id="s1" name="Test">Test</stat>
</suite>
</statistics>
<errors>
<msg timestamp="20230612 14:46:08.664" level="ERROR">Error in file '/home/lubega/Desktop/QA/besquare_2023/test.robot' on line 5: Importing library 'RequestsLibrary' failed: ModuleNotFoundError: No module named 'RequestsLibrary'
Traceback (most recent call last):
  None
PYTHONPATH:
  /home/lubega/.local/bin
  /usr/lib/python310.zip
  /usr/lib/python3.10
  /usr/lib/python3.10/lib-dynload
  /home/lubega/.local/lib/python3.10/site-packages
  /usr/local/lib/python3.10/dist-packages
  /usr/lib/python3/dist-packages</msg>
</errors>
</robot>
